<?xml version="1.0" encoding="UTF-8"?>
<testsuite xmlns:xsi="http://www.w3.org/2001/XMLSchema-instance" xsi:noNamespaceSchemaLocation="https://maven.apache.org/surefire/maven-surefire-plugin/xsd/surefire-test-report-3.0.xsd" version="3.0" name="com.giaolang.mathutil.core.test.MathUtilityTest" time="0.037" tests="5" errors="0" skipped="0" failures="0">
  <properties>
[...]
</properties>
  <testcase name="testFactorialGivenRightArg5ReturnsWell" classname="com.giaolang.mathutil.core.test.MathUtilityTest" time="0.017"/>
  <testcase name="testFactorialGivenRightArg12345ReturnsWell" classname="com.giaolang.mathutil.core.test.MathUtilityTest" time="0.001"/>
  <testcase name="testFactorialGivenWrongArg_1ThrowsException" classname="com.giaolang.mathutil.core.test.MathUtilityTest" time="0.001"/>
  <testcase name="testFactorialGivenRightArg0ReturnsWell" classname="com.giaolang.mathutil.core.test.MathUtilityTest" time="0.0"/>
  <testcase name="testFactorialGivenRightArg1ReturnsWell" classname="com.giaolang.mathutil.core.test.MathUtilityTest" time="0.0"/>
</testsuite>